Using pre-set license
Built from '2022.3/staging' branch; Version is '2022.3.1f1 (f18e0c1b5784) revision 15830540'; Using compiler version '192829333'; Build Type 'Release'
OS: 'Windows 11  (10.0.22000) 64bit Professional' Language: 'en' Physical Memory: 16226 MB
BatchMode: 1, IsHumanControllingUs: 0, StartBugReporterOnCrash: 0, Is64bit: 1, IsPro: 1

COMMAND LINE ARGUMENTS:
D:\Unity\2022.3.1f1\Editor\Unity.exe
-adb2
-batchMode
-noUpm
-name
AssetImportWorker1
-projectPath
F:/Unity Projects/VFX/OnnxGenAI
-logFile
Logs/AssetImportWorker1.log
-srvPort
49910
Successfully changed project path to: F:/Unity Projects/VFX/OnnxGenAI
F:/Unity Projects/VFX/OnnxGenAI
[UnityMemory] Configuration Parameters - Can be set up in boot.config
    "memorysetup-bucket-allocator-granularity=16"
    "memorysetup-bucket-allocator-bucket-count=8"
    "memorysetup-bucket-allocator-block-size=33554432"
    "memorysetup-bucket-allocator-block-count=8"
    "memorysetup-main-allocator-block-size=16777216"
    "memorysetup-thread-allocator-block-size=16777216"
    "memorysetup-gfx-main-allocator-block-size=16777216"
    "memorysetup-gfx-thread-allocator-block-size=16777216"
    "memorysetup-cache-allocator-block-size=4194304"
    "memorysetup-typetree-allocator-block-size=2097152"
    "memorysetup-profiler-bucket-allocator-granularity=16"
    "memorysetup-profiler-bucket-allocator-bucket-count=8"
    "memorysetup-profiler-bucket-allocator-block-size=33554432"
    "memorysetup-profiler-bucket-allocator-block-count=8"
    "memorysetup-profiler-allocator-block-size=16777216"
    "memorysetup-profiler-editor-allocator-block-size=1048576"
    "memorysetup-temp-allocator-size-main=16777216"
    "memorysetup-job-temp-allocator-block-size=2097152"
    "memorysetup-job-temp-allocator-block-size-background=1048576"
    "memorysetup-job-temp-allocator-reduction-small-platforms=262144"
    "memorysetup-allocator-temp-initial-block-size-main=262144"
    "memorysetup-allocator-temp-initial-block-size-worker=262144"
    "memorysetup-temp-allocator-size-background-worker=32768"
    "memorysetup-temp-allocator-size-job-worker=262144"
    "memorysetup-temp-allocator-size-preload-manager=33554432"
    "memorysetup-temp-allocator-size-nav-mesh-worker=65536"
    "memorysetup-temp-allocator-size-audio-worker=65536"
    "memorysetup-temp-allocator-size-cloud-worker=32768"
    "memorysetup-temp-allocator-size-gi-baking-worker=262144"
    "memorysetup-temp-allocator-size-gfx=262144"
Player connection [4688] Host "[IP] 172.24.176.1 [Port] 0 [Flags] 2 [Guid] 2567860730 [EditorId] 2567860730 [Version] 1048832 [Id] WindowsEditor(7,DESKTOP-ULBQ9IO) [Debug] 1 [PackageName] WindowsEditor [ProjectName] Editor" joined multi-casting on [225.0.0.222:54997]...

Player connection [4688] Host "[IP] 172.24.176.1 [Port] 0 [Flags] 2 [Guid] 2567860730 [EditorId] 2567860730 [Version] 1048832 [Id] WindowsEditor(7,DESKTOP-ULBQ9IO) [Debug] 1 [PackageName] WindowsEditor [ProjectName] Editor" joined alternative multi-casting on [225.0.0.222:34997]...

Refreshing native plugins compatible for Editor in 21.25 ms, found 6 plugins.
Preloading 2 native plugins for Editor in 1.43 ms.
Initialize engine version: 2022.3.1f1 (f18e0c1b5784)
[Subsystems] Discovering subsystems at path D:/Unity/2022.3.1f1/Editor/Data/Resources/UnitySubsystems
[Subsystems] Discovering subsystems at path F:/Unity Projects/VFX/OnnxGenAI/Assets
GfxDevice: creating device client; threaded=0; jobified=0
Direct3D:
    Version:  Direct3D 11.0 [level 11.1]
    Renderer: NVIDIA GeForce GTX 1060 (ID=0x1c20)
    Vendor:   NVIDIA
    VRAM:     6043 MB
    Driver:   31.0.15.3713
Initialize mono
Mono path[0] = 'D:/Unity/2022.3.1f1/Editor/Data/Managed'
Mono path[1] = 'D:/Unity/2022.3.1f1/Editor/Data/MonoBleedingEdge/lib/mono/unityjit-win32'
Mono config path = 'D:/Unity/2022.3.1f1/Editor/Data/MonoBleedingEdge/etc'
Using monoOptions --debugger-agent=transport=dt_socket,embedding=1,server=y,suspend=n,address=127.0.0.1:56208
Begin MonoManager ReloadAssembly
Registering precompiled unity dll's ...
Register platform support module: D:/Unity/2022.3.1f1/Editor/Data/PlaybackEngines/WindowsStandaloneSupport/UnityEditor.WindowsStandalone.Extensions.dll
Registered in 0.004686 seconds.
- Loaded All Assemblies, in  0.455 seconds
Native extension for WindowsStandalone target not found
Mono: successfully reloaded assembly
- Finished resetting the current domain, in  0.344 seconds
Domain Reload Profiling: 799ms
	BeginReloadAssembly (141ms)
		ExecutionOrderSort (0ms)
		DisableScriptedObjects (0ms)
		BackupInstance (0ms)
		ReleaseScriptingObjects (0ms)
		CreateAndSetChildDomain (1ms)
	RebuildCommonClasses (50ms)
	RebuildNativeTypeToScriptingClass (15ms)
	initialDomainReloadingComplete (64ms)
	LoadAllAssembliesAndSetupDomain (185ms)
		LoadAssemblies (141ms)
		RebuildTransferFunctionScriptingTraits (0ms)
		AnalyzeDomain (181ms)
			TypeCache.Refresh (180ms)
				TypeCache.ScanAssembly (165ms)
			ScanForSourceGeneratedMonoScriptInfo (0ms)
			ResolveRequiredComponents (1ms)
	FinalizeReload (345ms)
		ReleaseScriptCaches (0ms)
		RebuildScriptCaches (0ms)
		SetupLoadedEditorAssemblies (270ms)
			LogAssemblyErrors (0ms)
			InitializePlatformSupportModulesInManaged (9ms)
			SetLoadedEditorAssemblies (11ms)
			RefreshPlugins (0ms)
			BeforeProcessingInitializeOnLoad (3ms)
			ProcessInitializeOnLoadAttributes (181ms)
			ProcessInitializeOnLoadMethodAttributes (65ms)
			AfterProcessingInitializeOnLoad (0ms)
			EditorAssembliesLoaded (0ms)
		ExecutionOrderSort2 (0ms)
		AwakeInstancesAfterBackupRestoration (0ms)
========================================================================
Worker process is ready to serve import requests
Begin MonoManager ReloadAssembly
Symbol file LoadedFromMemory doesn't match image F:\Unity Projects\VFX\OnnxGenAI\Library\PackageCache\com.unity.visualscripting@1.8.0\Editor\VisualScripting.Core\Dependencies\YamlDotNet\Unity.VisualScripting.YamlDotNet.dll
Symbol file LoadedFromMemory doesn't match image F:\Unity Projects\VFX\OnnxGenAI\Library\PackageCache\com.unity.visualscripting@1.8.0\Editor\VisualScripting.Core\Dependencies\DotNetZip\Unity.VisualScripting.IonicZip.dll
- Loaded All Assemblies, in  1.021 seconds
Refreshing native plugins compatible for Editor in 11.14 ms, found 6 plugins.
Native extension for WindowsStandalone target not found
Mono: successfully reloaded assembly
- Finished resetting the current domain, in  0.819 seconds
Domain Reload Profiling: 1840ms
	BeginReloadAssembly (199ms)
		ExecutionOrderSort (0ms)
		DisableScriptedObjects (10ms)
		BackupInstance (0ms)
		ReleaseScriptingObjects (0ms)
		CreateAndSetChildDomain (32ms)
	RebuildCommonClasses (49ms)
	RebuildNativeTypeToScriptingClass (19ms)
	initialDomainReloadingComplete (51ms)
	LoadAllAssembliesAndSetupDomain (703ms)
		LoadAssemblies (375ms)
		RebuildTransferFunctionScriptingTraits (0ms)
		AnalyzeDomain (436ms)
			TypeCache.Refresh (414ms)
				TypeCache.ScanAssembly (396ms)
			ScanForSourceGeneratedMonoScriptInfo (16ms)
			ResolveRequiredComponents (5ms)
	FinalizeReload (819ms)
		ReleaseScriptCaches (0ms)
		RebuildScriptCaches (0ms)
		SetupLoadedEditorAssemblies (635ms)
			LogAssemblyErrors (0ms)
			InitializePlatformSupportModulesInManaged (5ms)
			SetLoadedEditorAssemblies (7ms)
			RefreshPlugins (0ms)
			BeforeProcessingInitializeOnLoad (72ms)
			ProcessInitializeOnLoadAttributes (526ms)
			ProcessInitializeOnLoadMethodAttributes (22ms)
			AfterProcessingInitializeOnLoad (3ms)
			EditorAssembliesLoaded (0ms)
		ExecutionOrderSort2 (0ms)
		AwakeInstancesAfterBackupRestoration (10ms)
Launched and connected shader compiler UnityShaderCompiler.exe after 0.10 seconds
Refreshing native plugins compatible for Editor in 9.42 ms, found 6 plugins.
Preloading 2 native plugins for Editor in 0.05 ms.
Unloading 3155 Unused Serialized files (Serialized files now loaded: 0)
Unloading 59 unused Assets / (71.7 KB). Loaded Objects now: 3592.
Memory consumption went from 118.9 MB to 118.9 MB.
Total: 3.856100 ms (FindLiveObjects: 0.237900 ms CreateObjectMapping: 0.178800 ms MarkObjects: 3.317200 ms  DeleteObjects: 0.121000 ms)

AssetImportParameters requested are different than current active one (requested -> active):
  custom:container-demuxer-ogg: 62fdf1f143b41e24485cea50d1cbac27 -> 
  custom:video-decoder-ogg-theora: a1e56fd34408186e4bbccfd4996cb3dc -> 
  custom:framework-win-MediaFoundation: 216162199b28c13a410421893ffa2e32 -> 
  custom:container-demuxer-webm: 4f35f7cbe854078d1ac9338744f61a02 -> 
  custom:container-muxer-webm: aa71ff27fc2769a1b78a27578f13a17b -> 
  custom:video-decoder-webm-vp8: 9c59270c3fd7afecdb556c50c9e8de78 -> 
  custom:AudioImporter_EditorPlatform: d09bf68614088b80899f8185d706f6e7 -> 
  custom:video-encoder-webm-vp8: eb34c28f22e8b96e1ab97ce403110664 -> 
  custom:audio-decoder-ogg-vorbis: bf7c407c2cedff20999df2af8eb42d56 -> 
  custom:audio-encoder-webm-vorbis: bf7c407c2cedff20999df2af8eb42d56 -> 
========================================================================
Received Import Request.
  Time since last request: 35246.609930 seconds.
  path: Assets/SKSDK/Microsoft.SemanticKernel 1.dll
  artifactKey: Guid(66708b19b65448f41964ae2c146224f0) Importer(815301076,1909f56bfc062723c751e8b465ee728b)
Start importing Assets/SKSDK/Microsoft.SemanticKernel 1.dll using Guid(66708b19b65448f41964ae2c146224f0) Importer(815301076,1909f56bfc062723c751e8b465ee728b)  -> (artifact id: 'ce3885324c5b94ad9fb92e1a4e054f52') in 0.042851 seconds
Number of updated asset objects reloaded before import = 0
Number of asset objects unloaded after import = 0
========================================================================
Received Import Request.
  Time since last request: 0.002560 seconds.
  path: Assets/SKSDK/Microsoft.SemanticKernel.Core 1.dll
  artifactKey: Guid(604618774388326439172ec98c277549) Importer(815301076,1909f56bfc062723c751e8b465ee728b)
Start importing Assets/SKSDK/Microsoft.SemanticKernel.Core 1.dll using Guid(604618774388326439172ec98c277549) Importer(815301076,1909f56bfc062723c751e8b465ee728b)  -> (artifact id: 'd99f8ae97d33f6ac5c49c3e41c861f26') in 0.000524 seconds
Number of updated asset objects reloaded before import = 0
Number of asset objects unloaded after import = 0
========================================================================
Received Import Request.
  Time since last request: 0.002474 seconds.
  path: Assets/SKSDK/Microsoft.Extensions.DependencyInjection.Abstractions.dll
  artifactKey: Guid(a4f7872ec7da10b48946f557ea1bbaac) Importer(815301076,1909f56bfc062723c751e8b465ee728b)
Start importing Assets/SKSDK/Microsoft.Extensions.DependencyInjection.Abstractions.dll using Guid(a4f7872ec7da10b48946f557ea1bbaac) Importer(815301076,1909f56bfc062723c751e8b465ee728b)  -> (artifact id: '63d79d20fb1c0e8145b496262bfecb5f') in 0.000371 seconds
Number of updated asset objects reloaded before import = 0
Number of asset objects unloaded after import = 0
========================================================================
Received Import Request.
  Time since last request: 0.002307 seconds.
  path: Assets/SKSDK/Microsoft.Bcl.AsyncInterfaces.dll
  artifactKey: Guid(16be082d6de0fff4299269280594d5fc) Importer(815301076,1909f56bfc062723c751e8b465ee728b)
Start importing Assets/SKSDK/Microsoft.Bcl.AsyncInterfaces.dll using Guid(16be082d6de0fff4299269280594d5fc) Importer(815301076,1909f56bfc062723c751e8b465ee728b)  -> (artifact id: '37d0f9994eb85f2364df130cd7535db0') in 0.000377 seconds
Number of updated asset objects reloaded before import = 0
Number of asset objects unloaded after import = 0
========================================================================
Received Import Request.
  Time since last request: 0.003067 seconds.
  path: Assets/SKSDK/Microsoft.SemanticKernel.Plugins.Core.dll
  artifactKey: Guid(d6550749503e4f742ae71838bbf64894) Importer(815301076,1909f56bfc062723c751e8b465ee728b)
Start importing Assets/SKSDK/Microsoft.SemanticKernel.Plugins.Core.dll using Guid(d6550749503e4f742ae71838bbf64894) Importer(815301076,1909f56bfc062723c751e8b465ee728b)  -> (artifact id: '49731137c72ca597359e376005536380') in 0.000439 seconds
Number of updated asset objects reloaded before import = 0
Number of asset objects unloaded after import = 0
========================================================================
Received Import Request.
  Time since last request: 0.002861 seconds.
  path: Assets/SKSDK/Microsoft.Extensions.Logging.Abstractions.dll
  artifactKey: Guid(1291363530a89854fb5588517c4b1383) Importer(815301076,1909f56bfc062723c751e8b465ee728b)
Start importing Assets/SKSDK/Microsoft.Extensions.Logging.Abstractions.dll using Guid(1291363530a89854fb5588517c4b1383) Importer(815301076,1909f56bfc062723c751e8b465ee728b)  -> (artifact id: '4f66c21290b5142d94a5b8da63487bad') in 0.000424 seconds
Number of updated asset objects reloaded before import = 0
Number of asset objects unloaded after import = 0
========================================================================
Received Import Request.
  Time since last request: 0.011612 seconds.
  path: Assets/SKSDK/Microsoft.SemanticKernel.Abstractions.dll
  artifactKey: Guid(4fb5717b48eabbc44991fa89ec787a49) Importer(815301076,1909f56bfc062723c751e8b465ee728b)
Start importing Assets/SKSDK/Microsoft.SemanticKernel.Abstractions.dll using Guid(4fb5717b48eabbc44991fa89ec787a49) Importer(815301076,1909f56bfc062723c751e8b465ee728b)  -> (artifact id: 'ca7f654f745cf31d4603c18a15a18e53') in 0.000439 seconds
Number of updated asset objects reloaded before import = 0
Number of asset objects unloaded after import = 0
========================================================================
Received Import Request.
  Time since last request: 0.003842 seconds.
  path: Assets/SKSDK/System.Text.Json.dll
  artifactKey: Guid(be554715c37be1845aea2a8dd75cf47b) Importer(815301076,1909f56bfc062723c751e8b465ee728b)
Start importing Assets/SKSDK/System.Text.Json.dll using Guid(be554715c37be1845aea2a8dd75cf47b) Importer(815301076,1909f56bfc062723c751e8b465ee728b)  -> (artifact id: '2ceebd6b1705c70ae2264b678e76f010') in 0.000427 seconds
Number of updated asset objects reloaded before import = 0
Number of asset objects unloaded after import = 0
========================================================================
Received Import Request.
  Time since last request: 0.002742 seconds.
  path: Assets/SKSDK/Microsoft.SemanticKernel.dll
  artifactKey: Guid(27d36181bcd53a94bbca72fc5cf91f95) Importer(815301076,1909f56bfc062723c751e8b465ee728b)
Start importing Assets/SKSDK/Microsoft.SemanticKernel.dll using Guid(27d36181bcd53a94bbca72fc5cf91f95) Importer(815301076,1909f56bfc062723c751e8b465ee728b)  -> (artifact id: '0e88ccafd9776b77106fcab6525479c9') in 0.000399 seconds
Number of updated asset objects reloaded before import = 0
Number of asset objects unloaded after import = 0
========================================================================
Received Import Request.
  Time since last request: 0.002691 seconds.
  path: Assets/SKSDK/Microsoft.SemanticKernel.Core 2.dll
  artifactKey: Guid(116ff75db02f5cd48a71a8a5f3e3bfe5) Importer(815301076,1909f56bfc062723c751e8b465ee728b)
Start importing Assets/SKSDK/Microsoft.SemanticKernel.Core 2.dll using Guid(116ff75db02f5cd48a71a8a5f3e3bfe5) Importer(815301076,1909f56bfc062723c751e8b465ee728b)  -> (artifact id: 'df7d492ed62d2c1ce65a5ad5e3baa1a2') in 0.000362 seconds
Number of updated asset objects reloaded before import = 0
Number of asset objects unloaded after import = 0
========================================================================
Received Import Request.
  Time since last request: 0.002785 seconds.
  path: Assets/SKSDK/System.Runtime.CompilerServices.Unsafe.dll
  artifactKey: Guid(4f2415ebc6b113a49b5d2c452fd84b59) Importer(815301076,1909f56bfc062723c751e8b465ee728b)
Start importing Assets/SKSDK/System.Runtime.CompilerServices.Unsafe.dll using Guid(4f2415ebc6b113a49b5d2c452fd84b59) Importer(815301076,1909f56bfc062723c751e8b465ee728b)  -> (artifact id: 'cd5594539472f0f42cc173f33541161c') in 0.000461 seconds
Number of updated asset objects reloaded before import = 0
Number of asset objects unloaded after import = 0
========================================================================
Received Import Request.
  Time since last request: 0.003029 seconds.
  path: Assets/SKSDK/System.Diagnostics.DiagnosticSource.dll
  artifactKey: Guid(91107407e9df0cf499ed72fca611c4f9) Importer(815301076,1909f56bfc062723c751e8b465ee728b)
Start importing Assets/SKSDK/System.Diagnostics.DiagnosticSource.dll using Guid(91107407e9df0cf499ed72fca611c4f9) Importer(815301076,1909f56bfc062723c751e8b465ee728b)  -> (artifact id: 'd4b8f5d36079f85dcd19fc27a52ad863') in 0.000410 seconds
Number of updated asset objects reloaded before import = 0
Number of asset objects unloaded after import = 0
========================================================================
Received Import Request.
  Time since last request: 0.003041 seconds.
  path: Assets/SKSDK/unity.SemanticKernel.Connectors.OnnxRuntimeGenAI.dll
  artifactKey: Guid(a08fa2a5a102e874dbbf8f7c4bdde284) Importer(815301076,1909f56bfc062723c751e8b465ee728b)
Start importing Assets/SKSDK/unity.SemanticKernel.Connectors.OnnxRuntimeGenAI.dll using Guid(a08fa2a5a102e874dbbf8f7c4bdde284) Importer(815301076,1909f56bfc062723c751e8b465ee728b)  -> (artifact id: '772438e8489806d258b84599ccf76a6f') in 0.000399 seconds
Number of updated asset objects reloaded before import = 0
Number of asset objects unloaded after import = 0
========================================================================
Received Import Request.
  Time since last request: 0.003102 seconds.
  path: Assets/SKSDK/Microsoft.Bcl.HashCode.dll
  artifactKey: Guid(dd36ea588afd84c4fbd5df49ea2d5245) Importer(815301076,1909f56bfc062723c751e8b465ee728b)
Start importing Assets/SKSDK/Microsoft.Bcl.HashCode.dll using Guid(dd36ea588afd84c4fbd5df49ea2d5245) Importer(815301076,1909f56bfc062723c751e8b465ee728b)  -> (artifact id: 'ef77812fb4b3aab4271487f7c44c3b70') in 0.000469 seconds
Number of updated asset objects reloaded before import = 0
Number of asset objects unloaded after import = 0
========================================================================
Received Import Request.
  Time since last request: 0.003113 seconds.
  path: Assets/SKSDK/Microsoft.Extensions.DependencyInjection.dll
  artifactKey: Guid(da30a29faabbe4f4ab01db85191da085) Importer(815301076,1909f56bfc062723c751e8b465ee728b)
Start importing Assets/SKSDK/Microsoft.Extensions.DependencyInjection.dll using Guid(da30a29faabbe4f4ab01db85191da085) Importer(815301076,1909f56bfc062723c751e8b465ee728b)  -> (artifact id: '43ee6ae88330d559ccabad718b761553') in 0.000447 seconds
Number of updated asset objects reloaded before import = 0
Number of asset objects unloaded after import = 0
========================================================================
Received Import Request.
  Time since last request: 0.003260 seconds.
  path: Assets/SKSDK/Microsoft.Bcl.TimeProvider.dll
  artifactKey: Guid(1aced65b8fa4a41429345983c09525ec) Importer(815301076,1909f56bfc062723c751e8b465ee728b)
Start importing Assets/SKSDK/Microsoft.Bcl.TimeProvider.dll using Guid(1aced65b8fa4a41429345983c09525ec) Importer(815301076,1909f56bfc062723c751e8b465ee728b)  -> (artifact id: 'c332bd53d20a3be3b48f2c5f19398423') in 0.000552 seconds
Number of updated asset objects reloaded before import = 0
Number of asset objects unloaded after import = 0
========================================================================
Received Import Request.
  Time since last request: 0.011926 seconds.
  path: Assets/SKSDK/Microsoft.SemanticKernel.Core.dll
  artifactKey: Guid(12f514bc67335d942a25136ba4e41639) Importer(815301076,1909f56bfc062723c751e8b465ee728b)
Start importing Assets/SKSDK/Microsoft.SemanticKernel.Core.dll using Guid(12f514bc67335d942a25136ba4e41639) Importer(815301076,1909f56bfc062723c751e8b465ee728b)  -> (artifact id: '3c7030496735d55720af49a8c3c76d96') in 0.000434 seconds
Number of updated asset objects reloaded before import = 0
Number of asset objects unloaded after import = 0
